0 info it worked if it ends with ok
1 verbose cli [ 'node', '/usr/local/bin/npm', 'install', 'bunyip', '-g' ]
2 info using npm@1.1.36
3 info using node@v0.8.2
4 verbose config file /Users/Devric/.npmrc
5 verbose config file /opt/local/etc/npmrc
6 verbose config file /usr/local/lib/node_modules/npm/npmrc
7 verbose read json /opt/local/lib/package.json
8 verbose read json /opt/local/lib/package.json
9 verbose cache add [ 'bunyip', null ]
10 silly cache add name=undefined spec="bunyip" args=["bunyip",null]
11 verbose parsed url { pathname: 'bunyip', path: 'bunyip', href: 'bunyip' }
12 silly lockFile 57c2ae57-bunyip bunyip
13 verbose lock bunyip /Users/Devric/.npm/57c2ae57-bunyip.lock
14 silly lockFile 57c2ae57-bunyip bunyip
15 verbose addNamed [ 'bunyip', '' ]
16 verbose addNamed [ null, '' ]
17 silly lockFile d0961770-bunyip bunyip@
18 verbose lock bunyip@ /Users/Devric/.npm/d0961770-bunyip.lock
19 silly addNameRange { name: 'bunyip', range: '', hasData: false }
20 verbose url raw bunyip
21 verbose url resolving [ 'https://registry.npmjs.org/', './bunyip' ]
22 verbose url resolved https://registry.npmjs.org/bunyip
23 info retry registry request attempt 1 at 02:43:29
24 http GET https://registry.npmjs.org/bunyip
25 http 200 https://registry.npmjs.org/bunyip
26 silly registry.get cb [ 200,
26 silly registry.get   { vary: 'Accept',
26 silly registry.get     server: 'CouchDB/1.2.0 (Erlang OTP/R15B)',
26 silly registry.get     etag: '"ABCE864H3VV4FUPCQ78P9OIFV"',
26 silly registry.get     date: 'Sat, 04 Aug 2012 16:07:40 GMT',
26 silly registry.get     'content-type': 'application/json',
26 silly registry.get     'content-length': '16679' } ]
27 silly addNameRange number 2 { name: 'bunyip', range: '', hasData: true }
28 silly addNameRange versions [ 'bunyip', [ '0.1.0', '0.1.1', '0.1.2', '0.1.3' ] ]
29 verbose addNamed [ 'bunyip', '0.1.3' ]
30 verbose addNamed [ '0.1.3', '0.1.3' ]
31 silly lockFile 0b83f1b4-bunyip-0-1-3 bunyip@0.1.3
32 verbose lock bunyip@0.1.3 /Users/Devric/.npm/0b83f1b4-bunyip-0-1-3.lock
33 silly lockFile 29e9c14f-pmjs-org-bunyip-bunyip-0-1-3-tgz https://registry.npmjs.org/bunyip/-/bunyip-0.1.3.tgz
34 verbose lock https://registry.npmjs.org/bunyip/-/bunyip-0.1.3.tgz /Users/Devric/.npm/29e9c14f-pmjs-org-bunyip-bunyip-0-1-3-tgz.lock
35 verbose addRemoteTarball [ 'https://registry.npmjs.org/bunyip/-/bunyip-0.1.3.tgz',
35 verbose addRemoteTarball   '4713676d85d45d50753660883f67da80ad61f9cd' ]
36 info retry fetch attempt 1 at 02:43:34
37 verbose fetch to= /var/folders/fb/_7qy6kvj2qz9kpz5xh3ql3l40000gp/T/npm-56258/1344098614434-0.8066313553135842/tmp.tgz
38 http GET https://registry.npmjs.org/bunyip/-/bunyip-0.1.3.tgz
39 http 200 https://registry.npmjs.org/bunyip/-/bunyip-0.1.3.tgz
40 silly shasum updated bytes 6449
41 info shasum 4713676d85d45d50753660883f67da80ad61f9cd
41 info shasum /var/folders/fb/_7qy6kvj2qz9kpz5xh3ql3l40000gp/T/npm-56258/1344098614434-0.8066313553135842/tmp.tgz
42 verbose tar unpack /var/folders/fb/_7qy6kvj2qz9kpz5xh3ql3l40000gp/T/npm-56258/1344098614434-0.8066313553135842/tmp.tgz
43 silly lockFile 84b38185-14434-0-8066313553135842-package /var/folders/fb/_7qy6kvj2qz9kpz5xh3ql3l40000gp/T/npm-56258/1344098614434-0.8066313553135842/package
44 verbose lock /var/folders/fb/_7qy6kvj2qz9kpz5xh3ql3l40000gp/T/npm-56258/1344098614434-0.8066313553135842/package /Users/Devric/.npm/84b38185-14434-0-8066313553135842-package.lock
45 silly gunzTarPerm modes [ '755', '644' ]
46 silly gunzTarPerm extractEntry package.json
47 silly gunzTarPerm extractEntry .npmignore
48 silly gunzTarPerm extractEntry README.md
49 silly gunzTarPerm extractEntry cli.js
50 silly gunzTarPerm extractEntry grunt.js
51 silly gunzTarPerm extractEntry .editorconfig
52 silly gunzTarPerm extractEntry lib/browserstack.js
53 silly gunzTarPerm extractEntry lib/bunyip.js
54 silly gunzTarPerm extractEntry lib/options.js
55 silly gunzTarPerm extractEntry lib/tunnel.js
56 silly gunzTarPerm extractEntry LICENSE-MIT
57 silly gunzTarPerm extractEntry test/cli_test.js
58 verbose read json /var/folders/fb/_7qy6kvj2qz9kpz5xh3ql3l40000gp/T/npm-56258/1344098614434-0.8066313553135842/package/package.json
59 silly lockFile 84b38185-14434-0-8066313553135842-package /var/folders/fb/_7qy6kvj2qz9kpz5xh3ql3l40000gp/T/npm-56258/1344098614434-0.8066313553135842/package
60 verbose from cache /var/folders/fb/_7qy6kvj2qz9kpz5xh3ql3l40000gp/T/npm-56258/1344098614434-0.8066313553135842/package/package.json
61 verbose tar pack [ '/Users/Devric/.npm/bunyip/0.1.3/package.tgz',
61 verbose tar pack   '/var/folders/fb/_7qy6kvj2qz9kpz5xh3ql3l40000gp/T/npm-56258/1344098614434-0.8066313553135842/package' ]
62 verbose tarball /Users/Devric/.npm/bunyip/0.1.3/package.tgz
63 verbose folder /var/folders/fb/_7qy6kvj2qz9kpz5xh3ql3l40000gp/T/npm-56258/1344098614434-0.8066313553135842/package
64 silly lockFile 29785180-ric-npm-bunyip-0-1-3-package-tgz /Users/Devric/.npm/bunyip/0.1.3/package.tgz
65 verbose lock /Users/Devric/.npm/bunyip/0.1.3/package.tgz /Users/Devric/.npm/29785180-ric-npm-bunyip-0-1-3-package-tgz.lock
66 silly lockFile 29785180-ric-npm-bunyip-0-1-3-package-tgz /Users/Devric/.npm/bunyip/0.1.3/package.tgz
67 silly lockFile b1d17702--Devric-npm-bunyip-0-1-3-package /Users/Devric/.npm/bunyip/0.1.3/package
68 verbose lock /Users/Devric/.npm/bunyip/0.1.3/package /Users/Devric/.npm/b1d17702--Devric-npm-bunyip-0-1-3-package.lock
69 silly lockFile b1d17702--Devric-npm-bunyip-0-1-3-package /Users/Devric/.npm/bunyip/0.1.3/package
70 verbose tar unpack /Users/Devric/.npm/bunyip/0.1.3/package.tgz
71 silly lockFile b1d17702--Devric-npm-bunyip-0-1-3-package /Users/Devric/.npm/bunyip/0.1.3/package
72 verbose lock /Users/Devric/.npm/bunyip/0.1.3/package /Users/Devric/.npm/b1d17702--Devric-npm-bunyip-0-1-3-package.lock
73 silly gunzTarPerm modes [ '755', '644' ]
74 silly gunzTarPerm extractEntry package.json
75 silly gunzTarPerm extractEntry .npmignore
76 silly gunzTarPerm extractEntry README.md
77 silly gunzTarPerm extractEntry cli.js
78 silly gunzTarPerm extractEntry grunt.js
79 silly gunzTarPerm extractEntry .editorconfig
80 silly gunzTarPerm extractEntry lib/browserstack.js
81 silly gunzTarPerm extractEntry lib/bunyip.js
82 silly gunzTarPerm extractEntry lib/options.js
83 silly gunzTarPerm extractEntry lib/tunnel.js
84 silly gunzTarPerm extractEntry LICENSE-MIT
85 silly gunzTarPerm extractEntry test/cli_test.js
86 verbose read json /Users/Devric/.npm/bunyip/0.1.3/package/package.json
87 silly lockFile b1d17702--Devric-npm-bunyip-0-1-3-package /Users/Devric/.npm/bunyip/0.1.3/package
88 silly shasum updated bytes 6445
89 info shasum dc7c8eb59709e541269b648bf074927217599b41
89 info shasum /Users/Devric/.npm/bunyip/0.1.3/package.tgz
90 verbose from cache /Users/Devric/.npm/bunyip/0.1.3/package/package.json
91 verbose chmod /Users/Devric/.npm/bunyip/0.1.3/package.tgz 644
92 verbose chown /Users/Devric/.npm/bunyip/0.1.3/package.tgz [ 502, 20 ]
93 silly lockFile 29e9c14f-pmjs-org-bunyip-bunyip-0-1-3-tgz https://registry.npmjs.org/bunyip/-/bunyip-0.1.3.tgz
94 silly lockFile 0b83f1b4-bunyip-0-1-3 bunyip@0.1.3
95 silly lockFile d0961770-bunyip bunyip@
96 silly resolved [ { name: 'bunyip',
96 silly resolved     description: 'Automate client-side unit testing in real browsers using the cli',
96 silly resolved     version: '0.1.3',
96 silly resolved     homepage: 'http://ryanseddon.github.com/bunyip',
96 silly resolved     author: { name: 'Ryan Seddon', url: 'http://www.thecssninja.com/' },
96 silly resolved     repository: { type: 'git', url: 'git://github.com:ryanseddon/bunyip.git' },
96 silly resolved     bugs: { url: 'https://github.com/ryanseddon/bunyip/issues' },
96 silly resolved     licenses: [ [Object] ],
96 silly resolved     main: 'lib/bunyip',
96 silly resolved     bin: { bunyip: './cli.js' },
96 silly resolved     engines: { node: '~0.8.x' },
96 silly resolved     scripts: { test: 'vows test/*.js' },
96 silly resolved     dependencies: { commander: '0.6.x', browserstack: '0.1.x', yeti: '0.2.x' },
96 silly resolved     devDependencies:
96 silly resolved      { grunt: '~0.3.9',
96 silly resolved        'cli-easy': '0.1.x',
96 silly resolved        vows: '>= 0.5.8',
96 silly resolved        mockery: '>= 1.1.2' },
96 silly resolved     keywords: [ 'unit tests', 'bunyip', 'browserstack', 'mobile', 'cli' ],
96 silly resolved     readme: '# bunyip\n\nAutomate client-side unit testing in real browsers using the CLI\n\n## Getting Started\nInstall the module with: `npm install -g bunyip`. This is a CLI tool so it needs to be globally installed.\n\n### BrowserStack account\nIn order for bunyip to flex its real muscle I recommend you get a paid [BrowserStack account](http://www.browserstack.com/pricing) as all paid accounts have access to their API. Without the API you\'ll need to connect your own slave browsers to bunyip.\n\n### localhost sharing service\nIf you wish to test on devices that are not part of your local network you\'ll be required to setup a tunneling service. I recommend [pagekite](https://pagekite.net/support/quickstart/) as it gives you a nice free chunk of data and allows you to specify a reusable subdomain. [Showoff.io](https://showoff.io/) is another good option.\n\n### Setup the config.js file\nIf you don\'t wish to use BrowserStack or a localhost sharing service you can skip this step.\n\nTo generate a config file you can run this command:\n\n`bunyip config path/to/config.js`\n\nThis will take you through a multistep process to setup your username, password, tunnel url and tunnel command.\n\nSo I if wanted to save a config file to my home directory I would do the following.\n\n`bunyip config ~/config.js`\n\n### Specify config file to use\n\nIf I want to specify a specific config file to use the `-c, --cdir` flag lets you do that.\n\n`bunyip -f test/tests.html -c path/to/config.js`\n\nIf you do not specify a config file to use it will look in your current working directory for a file name `config.js` otherwise it will not require one in.\n\n## Test suite adaptors\n\nBehind the scenes bunyip uses a tool called Yeti unfortunately Yeti only works with YUI Test. However I have written some [adaptors](https://github.com/ryanseddon/yeti-adaptors) for QUnit and jasmine, go check out my other repo for examples on using them with your current test suites.\n\nIf you use another client-side testsuite please feel free to contribute it to my [yeti-adaptors](https://github.com/ryanseddon/yeti-adaptors) repo.\n\n## Examples\n\n```bash\nbunyip -f index.html\n```\n\nThe above command will launch a simple Yeti hub on port 9000 and use the `index.html` inside your current working directory.\n\n```bash\nbunyip -f index.html -p 1337\n```\n\nThis will change the port that is used. The global config value will be updated for you so don\'t worry.\n\n### BrowserStack workers\n\n```bash\nbunyip -f index.html -b ios\n```\n\nAssuming you have a BrowserStack paid account and have setup a localhost sharing service the `-b ios` will send off a command to launch all iOS devices (3 iPhones and 3 iPads) on BrowserStack and once they\'re connected you can run your test suite.\n\n```bash\nbunyip -s\n```\n\nThis will query the BrowserStack API for any device or browsers that are currently running on your account.\n\n```bash\nbunyip -k <id> or all\n```\n\nIf you no longer need a specific worker or you wish to destroy all of them you can either specify a single worker id or `all` and it will destroy said worker(s).\n\n```bash\nbunyip -h\n```\n\nFor more info specify the help flag to get more info about each command flag available.\n\n## Contributing\nIn lieu of a formal styleguide, take care to maintain the existing coding style. Add unit tests for any new or changed functionality. Lint and test your code using [grunt](https://github.com/cowboy/grunt).\n\n## Release History\n_(Nothing yet)_\n\n## License\nCopyright (c) 2012 Ryan Seddon  \nLicensed under the MIT license.\n',
96 silly resolved     _id: 'bunyip@0.1.3',
96 silly resolved     dist: { shasum: 'dc7c8eb59709e541269b648bf074927217599b41' },
96 silly resolved     _from: 'bunyip' } ]
97 info install bunyip@0.1.3 into /opt/local/lib
98 info installOne bunyip@0.1.3
99 verbose from cache /Users/Devric/.npm/bunyip/0.1.3/package/package.json
100 info /opt/local/lib/node_modules/bunyip unbuild
101 verbose read json /opt/local/lib/node_modules/bunyip/package.json
102 verbose tar unpack /Users/Devric/.npm/bunyip/0.1.3/package.tgz
103 silly lockFile 157a6705-pt-local-lib-node-modules-bunyip /opt/local/lib/node_modules/bunyip
104 verbose lock /opt/local/lib/node_modules/bunyip /Users/Devric/.npm/157a6705-pt-local-lib-node-modules-bunyip.lock
105 silly gunzTarPerm modes [ '755', '644' ]
106 error Error: EACCES, mkdir '/opt/local/lib/node_modules/bunyip'
106 error  { [Error: EACCES, mkdir '/opt/local/lib/node_modules/bunyip']
106 error   errno: 3,
106 error   code: 'EACCES',
106 error   path: '/opt/local/lib/node_modules/bunyip',
106 error   fstream_type: 'Directory',
106 error   fstream_path: '/opt/local/lib/node_modules/bunyip',
106 error   fstream_class: 'DirWriter',
106 error   fstream_stack:
106 error    [ 'DirWriter._create (/usr/local/lib/node_modules/npm/node_modules/fstream/lib/dir-writer.js:36:23)',
106 error      '/usr/local/lib/node_modules/npm/node_modules/mkdirp/index.js:51:17',
106 error      'Object.oncomplete (fs.js:297:15)' ] }
107 error Please try running this command again as root/Administrator.
108 error System Darwin 11.4.0
109 error command "node" "/usr/local/bin/npm" "install" "bunyip" "-g"
110 error cwd /Users/Devric/.vim
111 error node -v v0.8.2
112 error npm -v 1.1.36
113 error path /opt/local/lib/node_modules/bunyip
114 error fstream_path /opt/local/lib/node_modules/bunyip
115 error fstream_type Directory
116 error fstream_class DirWriter
117 error code EACCES
118 error message EACCES, mkdir '/opt/local/lib/node_modules/bunyip'
119 error errno 3
120 error fstream_stack DirWriter._create (/usr/local/lib/node_modules/npm/node_modules/fstream/lib/dir-writer.js:36:23)
120 error fstream_stack /usr/local/lib/node_modules/npm/node_modules/mkdirp/index.js:51:17
120 error fstream_stack Object.oncomplete (fs.js:297:15)
121 error 3 errno
122 verbose exit [ 3, true ]
